<?xml version="1.0" encoding="UTF-8"?>
<testsuite xmlns:xsi="http://www.w3.org/2001/XMLSchema-instance" xsi:noNamespaceSchemaLocation="https://maven.apache.org/surefire/maven-surefire-plugin/xsd/surefire-test-report.xsd" name="cn.e3mall.solrj.TestSolrJ" time="3.677" tests="4" errors="0" skipped="0" failures="0">
  <properties>
[...]
</properties>
  <testcase name="deleteDocument" classname="cn.e3mall.solrj.TestSolrJ" time="0.301"/>
  <testcase name="queryIndex" classname="cn.e3mall.solrj.TestSolrJ" time="0.017"/>
  <testcase name="addDocument" classname="cn.e3mall.solrj.TestSolrJ" time="3.11"/>
  <testcase name="queryIndexcomplex" classname="cn.e3mall.solrj.TestSolrJ" time="0.249"/>
</testsuite>